-------------------------------------------------------------------------------
Test set: com.FA.userMS.UserMsApplicationTests
-------------------------------------------------------------------------------
Tests run: 1, Failures: 0, Errors: 1, Skipped: 0, Time elapsed: 3.155 s <<< FAILURE! - in com.FA.userMS.UserMsApplicationTests
com.FA.userMS.UserMsApplicationTests  Time elapsed: 3.155 s  <<< ERROR!
java.lang.IllegalStateException: Unable to find a @SpringBootConfiguration, you need to use @ContextConfiguration or @SpringBootTest(classes=...) with your test

